#
# There is insufficient memory for the Java Runtime Environment to continue.
# Native memory allocation (malloc) failed to allocate 278176 bytes. Error detail: Chunk::new
# Possible reasons:
#   The system is out of physical RAM or swap space
#   This process is running with CompressedOops enabled, and the Java Heap may be blocking the growth of the native heap
# Possible solutions:
#   Reduce memory load on the system
#   Increase physical memory or swap space
#   Check if swap backing store is full
#   Decrease Java heap size (-Xmx/-Xms)
#   Decrease number of Java threads
#   Decrease Java thread stack sizes (-Xss)
#   Set larger code cache with -XX:ReservedCodeCacheSize=
#   JVM is running with Unscaled Compressed Oops mode in which the Java heap is
#     placed in the first 4GB address space. The Java Heap base address is the
#     maximum limit for the native heap growth. Please use -XX:HeapBaseMinAddress
#     to set the Java Heap base and to place the Java Heap above 4GB virtual address.
# This output file may be truncated or incomplete.
#
#  Out of Memory Error (arena.cpp:191), pid=20352, tid=20124
#
# JRE version: OpenJDK Runtime Environment Temurin-17.0.17+10 (17.0.17+10) (build 17.0.17+10)
# Java VM: OpenJDK 64-Bit Server VM Temurin-17.0.17+10 (17.0.17+10, mixed mode, sharing, tiered, compressed oops, compressed class ptrs, g1 gc, windows-amd64)
# No core dump will be written. Minidumps are not enabled by default on client versions of Windows
#

---------------  S U M M A R Y ------------

Command Line: --enable-native-access=ALL-UNNAMED -Dclassworlds.conf=C:\Users\girit\.m2\wrapper\dists\apache-maven-3.9.12\59fe215c0ad6947fea90184bf7add084544567b927287592651fda3782e0e798\bin\m2.conf -Dmaven.home=C:\Users\girit\.m2\wrapper\dists\apache-maven-3.9.12\59fe215c0ad6947fea90184bf7add084544567b927287592651fda3782e0e798 -Dlibrary.jansi.path=C:\Users\girit\.m2\wrapper\dists\apache-maven-3.9.12\59fe215c0ad6947fea90184bf7add084544567b927287592651fda3782e0e798\lib\jansi-native -Dmaven.multiModuleProjectDirectory=C:\Users\girit\OneDrive\Desktop\Profenaa_touch org.codehaus.plexus.classworlds.launcher.Launcher clean package -DskipTests

Host: 12th Gen Intel(R) Core(TM) i5-1240P, 16 cores, 7G,  Windows 11 , 64 bit Build 26100 (10.0.26100.7920)
Time: Tue Mar 17 11:50:04 2026 India Standard Time elapsed time: 14.926266 seconds (0d 0h 0m 14s)

---------------  T H R E A D  ---------------

Current thread (0x000001e8e0b872f0):  JavaThread "C2 CompilerThread3" daemon [_thread_in_native, id=20124, stack(0x00000023fab00000,0x00000023fac00000)]


Current CompileTask:
C2:14926 1480 %     4       java.io.WinNTFileSystem::normalize @ 58 (224 bytes)

Stack: [0x00000023fab00000,0x00000023fac00000]
Native frames: (J=compiled Java code, j=interpreted, Vv=VM code, C=native code)
V  [jvm.dll+0x683fb9]
V  [jvm.dll+0x83a1b5]
V  [jvm.dll+0x83bc2e]
V  [jvm.dll+0x83c2b3]
V  [jvm.dll+0x248eff]
V  [jvm.dll+0xad496]
V  [jvm.dll+0xadb3c]
V  [jvm.dll+0x2b05df]
V  [jvm.dll+0x58a5b5]
V  [jvm.dll+0x222e84]
V  [jvm.dll+0x22327d]
V  [jvm.dll+0x21bfdb]
V  [jvm.dll+0x2190fe]
V  [jvm.dll+0x1a4920]
V  [jvm.dll+0x22989a]
V  [jvm.dll+0x227a4b]
V  [jvm.dll+0x7effb8]
V  [jvm.dll+0x7ea44c]
V  [jvm.dll+0x682e87]
C  [ucrtbase.dll+0x37b0]
C  [KERNEL32.DLL+0x2e8d7]
C  [ntdll.dll+0x8c48c]


---------------  P R O C E S S  ---------------

Threads class SMR info:
_java_thread_list=0x000001e926399980, length=16, elements={
0x000001e8c1ac73d0, 0x000001e8e078e5f0, 0x000001e8e078efb0, 0x000001e8e07abe30,
0x000001e8e07ac7f0, 0x000001e8e07ad1b0, 0x000001e8e07b5b80, 0x000001e8e07b9670,
0x000001e8e07d6b00, 0x000001e8e0920450, 0x000001e8e0a554c0, 0x000001e8e0a59e10,
0x000001e9261275d0, 0x000001e92682ac40, 0x000001e8e0b872f0, 0x000001e8e0779fa0
}

Java Threads: ( => current thread )
  0x000001e8c1ac73d0 JavaThread "main" [_thread_in_Java, id=19628, stack(0x00000023f8d00000,0x00000023f8e00000)]
  0x000001e8e078e5f0 JavaThread "Reference Handler" daemon [_thread_blocked, id=21388, stack(0x00000023f9400000,0x00000023f9500000)]
  0x000001e8e078efb0 JavaThread "Finalizer" daemon [_thread_blocked, id=20752, stack(0x00000023f9500000,0x00000023f9600000)]
  0x000001e8e07abe30 JavaThread "Signal Dispatcher" daemon [_thread_blocked, id=3448, stack(0x00000023f9600000,0x00000023f9700000)]
  0x000001e8e07ac7f0 JavaThread "Attach Listener" daemon [_thread_blocked, id=19572, stack(0x00000023f9700000,0x00000023f9800000)]
  0x000001e8e07ad1b0 JavaThread "Service Thread" daemon [_thread_blocked, id=23520, stack(0x00000023f9800000,0x00000023f9900000)]
  0x000001e8e07b5b80 JavaThread "Monitor Deflation Thread" daemon [_thread_blocked, id=20576, stack(0x00000023f9900000,0x00000023f9a00000)]
  0x000001e8e07b9670 JavaThread "C2 CompilerThread0" daemon [_thread_blocked, id=13672, stack(0x00000023f9a00000,0x00000023f9b00000)]
  0x000001e8e07d6b00 JavaThread "C1 CompilerThread0" daemon [_thread_blocked, id=18016, stack(0x00000023f9b00000,0x00000023f9c00000)]
  0x000001e8e0920450 JavaThread "Sweeper thread" daemon [_thread_blocked, id=5308, stack(0x00000023f9c00000,0x00000023f9d00000)]
  0x000001e8e0a554c0 JavaThread "Notification Thread" daemon [_thread_blocked, id=4952, stack(0x00000023f9e00000,0x00000023f9f00000)]
  0x000001e8e0a59e10 JavaThread "Common-Cleaner" daemon [_thread_blocked, id=4440, stack(0x00000023fa000000,0x00000023fa100000)]
  0x000001e9261275d0 JavaThread "C2 CompilerThread1" daemon [_thread_blocked, id=22740, stack(0x00000023fa200000,0x00000023fa300000)]
  0x000001e92682ac40 JavaThread "C2 CompilerThread2" daemon [_thread_blocked, id=22092, stack(0x00000023fa400000,0x00000023fa500000)]
=>0x000001e8e0b872f0 JavaThread "C2 CompilerThread3" daemon [_thread_in_native, id=20124, stack(0x00000023fab00000,0x00000023fac00000)]
  0x000001e8e0779fa0 JavaThread "C1 CompilerThread1" daemon [_thread_in_native, id=22048, stack(0x00000023f9d00000,0x00000023f9e00000)]

Other Threads:
  0x000001e8e078b1c0 VMThread "VM Thread" [stack: 0x00000023f9300000,0x00000023f9400000] [id=19460]
  0x000001e8e0a579b0 WatcherThread [stack: 0x00000023f9f00000,0x00000023fa000000] [id=15264]
  0x000001e8c1b232d0 GCTaskThread "GC Thread#0" [stack: 0x00000023f8e00000,0x00000023f8f00000] [id=22160]
  0x000001e92669d870 GCTaskThread "GC Thread#1" [stack: 0x00000023fa500000,0x00000023fa600000] [id=14948]
  0x000001e9269ae3e0 GCTaskThread "GC Thread#2" [stack: 0x00000023fa600000,0x00000023fa700000] [id=17596]
  0x000001e926758b90 GCTaskThread "GC Thread#3" [stack: 0x00000023fa700000,0x00000023fa800000] [id=19480]
  0x000001e92660ea40 GCTaskThread "GC Thread#4" [stack: 0x00000023fa800000,0x00000023fa900000] [id=20944]
  0x000001e92660ed00 GCTaskThread "GC Thread#5" [stack: 0x00000023fa900000,0x00000023faa00000] [id=20208]
  0x000001e9265d0900 GCTaskThread "GC Thread#6" [stack: 0x00000023faa00000,0x00000023fab00000] [id=22496]
  0x000001e8c1b34870 ConcurrentGCThread "G1 Main Marker" [stack: 0x00000023f8f00000,0x00000023f9000000] [id=9064]
  0x000001e8c1b35290 ConcurrentGCThread "G1 Conc#0" [stack: 0x00000023f9000000,0x00000023f9100000] [id=21716]
  0x000001e8e0634a50 ConcurrentGCThread "G1 Refine#0" [stack: 0x00000023f9100000,0x00000023f9200000] [id=15496]
  0x000001e8e0635130 ConcurrentGCThread "G1 Service" [stack: 0x00000023f9200000,0x00000023f9300000] [id=13372]

Threads with active compile tasks:
C1 CompilerThread0  14969 1515       3       sun.reflect.generics.visitor.Reifier::getResult (26 bytes)
C2 CompilerThread3  14969 1480 %     4       java.io.WinNTFileSystem::normalize @ 58 (224 bytes)
C1 CompilerThread1  14969 1516       3       java.lang.reflect.Constructor::newInstanceWithCaller (75 bytes)

VM state: not at safepoint (normal execution)

VM Mutex/Monitor currently owned by a thread: None

Heap address: 0x0000000084e00000, size: 1970 MB, Compressed Oops mode: 32-bit

CDS archive(s) mapped at: [0x000001e8e1000000-0x000001e8e1bb0000-0x000001e8e1bb0000), size 12255232, SharedBaseAddress: 0x000001e8e1000000, ArchiveRelocationMode: 1.
Compressed class space mapped at: 0x000001e8e2000000-0x000001e922000000, reserved size: 1073741824
Narrow klass base: 0x000001e8e1000000, Narrow klass shift: 0, Narrow klass range: 0x100000000

GC Precious Log:
 CPUs: 16 total, 16 available
 Memory: 7877M
 Large Page Support: Disabled
 NUMA Support: Disabled
 Compressed Oops: Enabled (32-bit)
 Heap Region Size: 1M
 Heap Min Capacity: 8M
 Heap Initial Capacity: 124M
 Heap Max Capacity: 1970M
 Pre-touch: Disabled
 Parallel Workers: 13
 Concurrent Workers: 3
 Concurrent Refinement Workers: 13
 Periodic GC: Disabled

Heap:
 garbage-first heap   total 126976K, used 19976K [0x0000000084e00000, 0x0000000100000000)
  region size 1024K, 21 young (21504K), 3 survivors (3072K)
 Metaspace       used 6850K, committed 7040K, reserved 1114112K
  class space    used 816K, committed 896K, reserved 1048576K

Heap Regions: E=young(eden), S=young(survivor), O=old, HS=humongous(starts), HC=humongous(continues), CS=collection set, F=free, OA=open archive, CA=closed archive, TAMS=top-at-mark-start (previous, next)
|   0|0x0000000084e00000, 0x0000000084e82000, 0x0000000084f00000| 50%| O|  |TAMS 0x0000000084e00000, 0x0000000084e00000| Untracked 
|   1|0x0000000084f00000, 0x0000000084f00000, 0x0000000085000000|  0%| F|  |TAMS 0x0000000084f00000, 0x0000000084f00000| Untracked 
|   2|0x0000000085000000, 0x0000000085000000, 0x0000000085100000|  0%| F|  |TAMS 0x0000000085000000, 0x0000000085000000| Untracked 
|   3|0x0000000085100000, 0x0000000085100000, 0x0000000085200000|  0%| F|  |TAMS 0x0000000085100000, 0x0000000085100000| Untracked 
|   4|0x0000000085200000, 0x0000000085200000, 0x0000000085300000|  0%| F|  |TAMS 0x0000000085200000, 0x0000000085200000| Untracked 
|   5|0x0000000085300000, 0x0000000085300000, 0x0000000085400000|  0%| F|  |TAMS 0x0000000085300000, 0x0000000085300000| Untracked 
|   6|0x0000000085400000, 0x0000000085400000, 0x0000000085500000|  0%| F|  |TAMS 0x0000000085400000, 0x0000000085400000| Untracked 
|   7|0x0000000085500000, 0x0000000085500000, 0x0000000085600000|  0%| F|  |TAMS 0x0000000085500000, 0x0000000085500000| Untracked 
|   8|0x0000000085600000, 0x0000000085600000, 0x0000000085700000|  0%| F|  |TAMS 0x0000000085600000, 0x0000000085600000| Untracked 
|   9|0x0000000085700000, 0x0000000085700000, 0x0000000085800000|  0%| F|  |TAMS 0x0000000085700000, 0x0000000085700000| Untracked 
|  10|0x0000000085800000, 0x0000000085800000, 0x0000000085900000|  0%| F|  |TAMS 0x0000000085800000, 0x0000000085800000| Untracked 
|  11|0x0000000085900000, 0x0000000085900000, 0x0000000085a00000|  0%| F|  |TAMS 0x0000000085900000, 0x0000000085900000| Untracked 
|  12|0x0000000085a00000, 0x0000000085a00000, 0x0000000085b00000|  0%| F|  |TAMS 0x0000000085a00000, 0x0000000085a00000| Untracked 
|  13|0x0000000085b00000, 0x0000000085b00000, 0x0000000085c00000|  0%| F|  |TAMS 0x0000000085b00000, 0x0000000085b00000| Untracked 
|  14|0x0000000085c00000, 0x0000000085c00000, 0x0000000085d00000|  0%| F|  |TAMS 0x0000000085c00000, 0x0000000085c00000| Untracked 
|  15|0x0000000085d00000, 0x0000000085d00000, 0x0000000085e00000|  0%| F|  |TAMS 0x0000000085d00000, 0x0000000085d00000| Untracked 
|  16|0x0000000085e00000, 0x0000000085e00000, 0x0000000085f00000|  0%| F|  |TAMS 0x0000000085e00000, 0x0000000085e00000| Untracked 
|  17|0x0000000085f00000, 0x0000000085f00000, 0x0000000086000000|  0%| F|  |TAMS 0x0000000085f00000, 0x0000000085f00000| Untracked 
|  18|0x0000000086000000, 0x0000000086000000, 0x0000000086100000|  0%| F|  |TAMS 0x0000000086000000, 0x0000000086000000| Untracked 
|  19|0x0000000086100000, 0x0000000086100000, 0x0000000086200000|  0%| F|  |TAMS 0x0000000086100000, 0x0000000086100000| Untracked 
|  20|0x0000000086200000, 0x0000000086200000, 0x0000000086300000|  0%| F|  |TAMS 0x0000000086200000, 0x0000000086200000| Untracked 
|  21|0x0000000086300000, 0x0000000086300000, 0x0000000086400000|  0%| F|  |TAMS 0x0000000086300000, 0x0000000086300000| Untracked 
|  22|0x0000000086400000, 0x0000000086400000, 0x0000000086500000|  0%| F|  |TAMS 0x0000000086400000, 0x0000000086400000| Untracked 
|  23|0x0000000086500000, 0x0000000086500000, 0x0000000086600000|  0%| F|  |TAMS 0x0000000086500000, 0x0000000086500000| Untracked 
|  24|0x0000000086600000, 0x0000000086600000, 0x0000000086700000|  0%| F|  |TAMS 0x0000000086600000, 0x0000000086600000| Untracked 
|  25|0x0000000086700000, 0x0000000086700000, 0x0000000086800000|  0%| F|  |TAMS 0x0000000086700000, 0x0000000086700000| Untracked 
|  26|0x0000000086800000, 0x0000000086800000, 0x0000000086900000|  0%| F|  |TAMS 0x0000000086800000, 0x0000000086800000| Untracked 
|  27|0x0000000086900000, 0x0000000086900000, 0x0000000086a00000|  0%| F|  |TAMS 0x0000000086900000, 0x0000000086900000| Untracked 
|  28|0x0000000086a00000, 0x0000000086a00000, 0x0000000086b00000|  0%| F|  |TAMS 0x0000000086a00000, 0x0000000086a00000| Untracked 
|  29|0x0000000086b00000, 0x0000000086b00000, 0x0000000086c00000|  0%| F|  |TAMS 0x0000000086b00000, 0x0000000086b00000| Untracked 
|  30|0x0000000086c00000, 0x0000000086c00000, 0x0000000086d00000|  0%| F|  |TAMS 0x0000000086c00000, 0x0000000086c00000| Untracked 
|  31|0x0000000086d00000, 0x0000000086d00000, 0x0000000086e00000|  0%| F|  |TAMS 0x0000000086d00000, 0x0000000086d00000| Untracked 
|  32|0x0000000086e00000, 0x0000000086e00000, 0x0000000086f00000|  0%| F|  |TAMS 0x0000000086e00000, 0x0000000086e00000| Untracked 
|  33|0x0000000086f00000, 0x0000000086f00000, 0x0000000087000000|  0%| F|  |TAMS 0x0000000086f00000, 0x0000000086f00000| Untracked 
|  34|0x0000000087000000, 0x0000000087000000, 0x0000000087100000|  0%| F|  |TAMS 0x0000000087000000, 0x0000000087000000| Untracked 
|  35|0x0000000087100000, 0x0000000087100000, 0x0000000087200000|  0%| F|  |TAMS 0x0000000087100000, 0x0000000087100000| Untracked 
|  36|0x0000000087200000, 0x0000000087200000, 0x0000000087300000|  0%| F|  |TAMS 0x0000000087200000, 0x0000000087200000| Untracked 
|  37|0x0000000087300000, 0x0000000087300000, 0x0000000087400000|  0%| F|  |TAMS 0x0000000087300000, 0x0000000087300000| Untracked 
|  38|0x0000000087400000, 0x0000000087400000, 0x0000000087500000|  0%| F|  |TAMS 0x0000000087400000, 0x0000000087400000| Untracked 
|  39|0x0000000087500000, 0x0000000087500000, 0x0000000087600000|  0%| F|  |TAMS 0x0000000087500000, 0x0000000087500000| Untracked 
|  40|0x0000000087600000, 0x0000000087600000, 0x0000000087700000|  0%| F|  |TAMS 0x0000000087600000, 0x0000000087600000| Untracked 
|  41|0x0000000087700000, 0x0000000087700000, 0x0000000087800000|  0%| F|  |TAMS 0x0000000087700000, 0x0000000087700000| Untracked 
|  42|0x0000000087800000, 0x0000000087800000, 0x0000000087900000|  0%| F|  |TAMS 0x0000000087800000, 0x0000000087800000| Untracked 
|  43|0x0000000087900000, 0x0000000087900000, 0x0000000087a00000|  0%| F|  |TAMS 0x0000000087900000, 0x0000000087900000| Untracked 
|  44|0x0000000087a00000, 0x0000000087a00000, 0x0000000087b00000|  0%| F|  |TAMS 0x0000000087a00000, 0x0000000087a00000| Untracked 
|  45|0x0000000087b00000, 0x0000000087b00000, 0x0000000087c00000|  0%| F|  |TAMS 0x0000000087b00000, 0x0000000087b00000| Untracked 
|  46|0x0000000087c00000, 0x0000000087c00000, 0x0000000087d00000|  0%| F|  |TAMS 0x0000000087c00000, 0x0000000087c00000| Untracked 
|  47|0x0000000087d00000, 0x0000000087d00000, 0x0000000087e00000|  0%| F|  |TAMS 0x0000000087d00000, 0x0000000087d00000| Untracked 
|  48|0x0000000087e00000, 0x0000000087e00000, 0x0000000087f00000|  0%| F|  |TAMS 0x0000000087e00000, 0x0000000087e00000| Untracked 
|  49|0x0000000087f00000, 0x0000000087f00000, 0x0000000088000000|  0%| F|  |TAMS 0x0000000087f00000, 0x0000000087f00000| Untracked 
|  50|0x0000000088000000, 0x0000000088000000, 0x0000000088100000|  0%| F|  |TAMS 0x0000000088000000, 0x0000000088000000| Untracked 
|  51|0x0000000088100000, 0x0000000088100000, 0x0000000088200000|  0%| F|  |TAMS 0x0000000088100000, 0x0000000088100000| Untracked 
|  52|0x0000000088200000, 0x0000000088200000, 0x0000000088300000|  0%| F|  |TAMS 0x0000000088200000, 0x0000000088200000| Untracked 
|  53|0x0000000088300000, 0x0000000088300000, 0x0000000088400000|  0%| F|  |TAMS 0x0000000088300000, 0x0000000088300000| Untracked 
|  54|0x0000000088400000, 0x0000000088400000, 0x0000000088500000|  0%| F|  |TAMS 0x0000000088400000, 0x0000000088400000| Untracked 
|  55|0x0000000088500000, 0x0000000088500000, 0x0000000088600000|  0%| F|  |TAMS 0x0000000088500000, 0x0000000088500000| Untracked 
|  56|0x0000000088600000, 0x0000000088600000, 0x0000000088700000|  0%| F|  |TAMS 0x0000000088600000, 0x0000000088600000| Untracked 
|  57|0x0000000088700000, 0x0000000088700000, 0x0000000088800000|  0%| F|  |TAMS 0x0000000088700000, 0x0000000088700000| Untracked 
|  58|0x0000000088800000, 0x0000000088800000, 0x0000000088900000|  0%| F|  |TAMS 0x0000000088800000, 0x0000000088800000| Untracked 
|  59|0x0000000088900000, 0x0000000088900000, 0x0000000088a00000|  0%| F|  |TAMS 0x0000000088900000, 0x0000000088900000| Untracked 
|  60|0x0000000088a00000, 0x0000000088a00000, 0x0000000088b00000|  0%| F|  |TAMS 0x0000000088a00000, 0x0000000088a00000| Untracked 
|  61|0x0000000088b00000, 0x0000000088b00000, 0x0000000088c00000|  0%| F|  |TAMS 0x0000000088b00000, 0x0000000088b00000| Untracked 
|  62|0x0000000088c00000, 0x0000000088c00000, 0x0000000088d00000|  0%| F|  |TAMS 0x0000000088c00000, 0x0000000088c00000| Untracked 
|  63|0x0000000088d00000, 0x0000000088d00000, 0x0000000088e00000|  0%| F|  |TAMS 0x0000000088d00000, 0x0000000088d00000| Untracked 
|  64|0x0000000088e00000, 0x0000000088e00000, 0x0000000088f00000|  0%| F|  |TAMS 0x0000000088e00000, 0x0000000088e00000| Untracked 
|  65|0x0000000088f00000, 0x0000000088f00000, 0x0000000089000000|  0%| F|  |TAMS 0x0000000088f00000, 0x0000000088f00000| Untracked 
|  66|0x0000000089000000, 0x0000000089000000, 0x0000000089100000|  0%| F|  |TAMS 0x0000000089000000, 0x0000000089000000| Untracked 
|  67|0x0000000089100000, 0x0000000089100000, 0x0000000089200000|  0%| F|  |TAMS 0x0000000089100000, 0x0000000089100000| Untracked 
|  68|0x0000000089200000, 0x0000000089200000, 0x0000000089300000|  0%| F|  |TAMS 0x0000000089200000, 0x0000000089200000| Untracked 
|  69|0x0000000089300000, 0x0000000089300000, 0x0000000089400000|  0%| F|  |TAMS 0x0000000089300000, 0x0000000089300000| Untracked 
|  70|0x0000000089400000, 0x0000000089400000, 0x0000000089500000|  0%| F|  |TAMS 0x0000000089400000, 0x0000000089400000| Untracked 
|  71|0x0000000089500000, 0x0000000089500000, 0x0000000089600000|  0%| F|  |TAMS 0x0000000089500000, 0x0000000089500000| Untracked 
|  72|0x0000000089600000, 0x0000000089600000, 0x0000000089700000|  0%| F|  |TAMS 0x0000000089600000, 0x0000000089600000| Untracked 
|  73|0x0000000089700000, 0x0000000089700000, 0x0000000089800000|  0%| F|  |TAMS 0x0000000089700000, 0x0000000089700000| Untracked 
|  74|0x0000000089800000, 0x0000000089800000, 0x0000000089900000|  0%| F|  |TAMS 0x0000000089800000, 0x0000000089800000| Untracked 
|  75|0x0000000089900000, 0x0000000089900000, 0x0000000089a00000|  0%| F|  |TAMS 0x0000000089900000, 0x0000000089900000| Untracked 
|  76|0x0000000089a00000, 0x0000000089a00000, 0x0000000089b00000|  0%| F|  |TAMS 0x0000000089a00000, 0x0000000089a00000| Untracked 
|  77|0x0000000089b00000, 0x0000000089b00000, 0x0000000089c00000|  0%| F|  |TAMS 0x0000000089b00000, 0x0000000089b00000| Untracked 
|  78|0x0000000089c00000, 0x0000000089c00000, 0x0000000089d00000|  0%| F|  |TAMS 0x0000000089c00000, 0x0000000089c00000| Untracked 
|  79|0x0000000089d00000, 0x0000000089d00000, 0x0000000089e00000|  0%| F|  |TAMS 0x0000000089d00000, 0x0000000089d00000| Untracked 
|  80|0x0000000089e00000, 0x0000000089e00000, 0x0000000089f00000|  0%| F|  |TAMS 0x0000000089e00000, 0x0000000089e00000| Untracked 
|  81|0x0000000089f00000, 0x0000000089f00000, 0x000000008a000000|  0%| F|  |TAMS 0x0000000089f00000, 0x0000000089f00000| Untracked 
|  82|0x000000008a000000, 0x000000008a000000, 0x000000008a100000|  0%| F|  |TAMS 0x000000008a000000, 0x000000008a000000| Untracked 
|  83|0x000000008a100000, 0x000000008a100000, 0x000000008a200000|  0%| F|  |TAMS 0x000000008a100000, 0x000000008a100000| Untracked 
|  84|0x000000008a200000, 0x000000008a200000, 0x000000008a300000|  0%| F|  |TAMS 0x000000008a200000, 0x000000008a200000| Untracked 
|  85|0x000000008a300000, 0x000000008a300000, 0x000000008a400000|  0%| F|  |TAMS 0x000000008a300000, 0x000000008a300000| Untracked 
|  86|0x000000008a400000, 0x000000008a400000, 0x000000008a500000|  0%| F|  |TAMS 0x000000008a400000, 0x000000008a400000| Untracked 
|  87|0x000000008a500000, 0x000000008a500000, 0x000000008a600000|  0%| F|  |TAMS 0x000000008a500000, 0x000000008a500000| Untracked 
|  88|0x000000008a600000, 0x000000008a600000, 0x000000008a700000|  0%| F|  |TAMS 0x000000008a600000, 0x000000008a600000| Untracked 
|  89|0x000000008a700000, 0x000000008a700000, 0x000000008a800000|  0%| F|  |TAMS 0x000000008a700000, 0x000000008a700000| Untracked 
|  90|0x000000008a800000, 0x000000008a800000, 0x000000008a900000|  0%| F|  |TAMS 0x000000008a800000, 0x000000008a800000| Untracked 
|  91|0x000000008a900000, 0x000000008a900000, 0x000000008aa00000|  0%| F|  |TAMS 0x000000008a900000, 0x000000008a900000| Untracked 
|  92|0x000000008aa00000, 0x000000008aa00000, 0x000000008ab00000|  0%| F|  |TAMS 0x000000008aa00000, 0x000000008aa00000| Untracked 
|  93|0x000000008ab00000, 0x000000008ab00000, 0x000000008ac00000|  0%| F|  |TAMS 0x000000008ab00000, 0x000000008ab00000| Untracked 
|  94|0x000000008ac00000, 0x000000008ac00000, 0x000000008ad00000|  0%| F|  |TAMS 0x000000008ac00000, 0x000000008ac00000| Untracked 
|  95|0x000000008ad00000, 0x000000008ad00000, 0x000000008ae00000|  0%| F|  |TAMS 0x000000008ad00000, 0x000000008ad00000| Untracked 
|  96|0x000000008ae00000, 0x000000008ae00000, 0x000000008af00000|  0%| F|  |TAMS 0x000000008ae00000, 0x000000008ae00000| Untracked 
|  97|0x000000008af00000, 0x000000008af00000, 0x000000008b000000|  0%| F|  |TAMS 0x000000008af00000, 0x000000008af00000| Untracked 
|  98|0x000000008b000000, 0x000000008b100000, 0x000000008b100000|100%| S|CS|TAMS 0x000000008b000000, 0x000000008b000000| Complete 
|  99|0x000000008b100000, 0x000000008b200000, 0x000000008b200000|100%| S|CS|TAMS 0x000000008b100000, 0x000000008b100000| Complete 
| 100|0x000000008b200000, 0x000000008b300000, 0x000000008b300000|100%| S|CS|TAMS 0x000000008b200000, 0x000000008b200000| Complete 
| 101|0x000000008b300000, 0x000000008b300000, 0x000000008b400000|  0%| F|  |TAMS 0x000000008b300000, 0x000000008b300000| Untracked 
| 102|0x000000008b400000, 0x000000008b400000, 0x000000008b500000|  0%| F|  |TAMS 0x000000008b400000, 0x000000008b400000| Untracked 
| 103|0x000000008b500000, 0x000000008b500000, 0x000000008b600000|  0%| F|  |TAMS 0x000000008b500000, 0x000000008b500000| Untracked 
| 104|0x000000008b600000, 0x000000008b600000, 0x000000008b700000|  0%| F|  |TAMS 0x000000008b600000, 0x000000008b600000| Untracked 
| 105|0x000000008b700000, 0x000000008b788240, 0x000000008b800000| 53%| E|  |TAMS 0x000000008b700000, 0x000000008b700000| Complete 
| 106|0x000000008b800000, 0x000000008b900000, 0x000000008b900000|100%| E|CS|TAMS 0x000000008b800000, 0x000000008b800000| Complete 
| 107|0x000000008b900000, 0x000000008ba00000, 0x000000008ba00000|100%| E|CS|TAMS 0x000000008b900000, 0x000000008b900000| Complete 
| 108|0x000000008ba00000, 0x000000008bb00000, 0x000000008bb00000|100%| E|CS|TAMS 0x000000008ba00000, 0x000000008ba00000| Complete 
| 109|0x000000008bb00000, 0x000000008bc00000, 0x000000008bc00000|100%| E|CS|TAMS 0x000000008bb00000, 0x000000008bb00000| Complete 
| 110|0x000000008bc00000, 0x000000008bd00000, 0x000000008bd00000|100%| E|CS|TAMS 0x000000008bc00000, 0x000000008bc00000| Complete 
| 111|0x000000008bd00000, 0x000000008be00000, 0x000000008be00000|100%| E|CS|TAMS 0x000000008bd00000, 0x000000008bd00000| Complete 
| 112|0x000000008be00000, 0x000000008bf00000, 0x000000008bf00000|100%| E|CS|TAMS 0x000000008be00000, 0x000000008be00000| Complete 
| 113|0x000000008bf00000, 0x000000008c000000, 0x000000008c000000|100%| E|CS|TAMS 0x000000008bf00000, 0x000000008bf00000| Complete 
| 114|0x000000008c000000, 0x000000008c100000, 0x000000008c100000|100%| E|CS|TAMS 0x000000008c000000, 0x000000008c000000| Complete 
| 115|0x000000008c100000, 0x000000008c200000, 0x000000008c200000|100%| E|CS|TAMS 0x000000008c100000, 0x000000008c100000| Complete 
| 116|0x000000008c200000, 0x000000008c300000, 0x000000008c300000|100%| E|CS|TAMS 0x000000008c200000, 0x000000008c200000| Complete 
| 117|0x000000008c300000, 0x000000008c400000, 0x000000008c400000|100%| E|CS|TAMS 0x000000008c300000, 0x000000008c300000| Complete 
| 118|0x000000008c400000, 0x000000008c500000, 0x000000008c500000|100%| E|CS|TAMS 0x000000008c400000, 0x000000008c400000| Complete 
| 119|0x000000008c500000, 0x000000008c600000, 0x000000008c600000|100%| E|CS|TAMS 0x000000008c500000, 0x000000008c500000| Complete 
| 120|0x000000008c600000, 0x000000008c700000, 0x000000008c700000|100%| E|CS|TAMS 0x000000008c600000, 0x000000008c600000| Complete 
| 121|0x000000008c700000, 0x000000008c800000, 0x000000008c800000|100%| E|CS|TAMS 0x000000008c700000, 0x000000008c700000| Complete 
| 122|0x000000008c800000, 0x000000008c900000, 0x000000008c900000|100%| E|CS|TAMS 0x000000008c800000, 0x000000008c800000| Complete 
| 123|0x000000008c900000, 0x000000008ca00000, 0x000000008ca00000|100%| E|  |TAMS 0x000000008c900000, 0x000000008c900000| Complete 

Card table byte_map: [0x000001e8d92b0000,0x000001e8d9690000] _byte_map_base: 0x000001e8d8e89000

Marking Bits (Prev, Next): (CMBitMap*) 0x000001e8c1b24900, (CMBitMap*) 0x000001e8c1b24940
 Prev Bits: [0x000001e8d9a70000, 0x000001e8db938000)
 Next Bits: [0x000001e8db940000, 0x000001e8dd808000)

Polling page: 0x000001e8bf980000

Metaspace:

Usage:
  Non-class:      5.91 MB used.
      Class:    818.52 KB used.
       Both:      6.71 MB used.

Virtual space:
  Non-class space:       64.00 MB reserved,       6.00 MB (  9%) committed,  1 nodes.
      Class space:        1.00 GB reserved,     896.00 KB ( <1%) committed,  1 nodes.
             Both:        1.06 GB reserved,       6.88 MB ( <1%) committed. 

Chunk freelists:
   Non-Class:  8.27 MB
       Class:  15.14 MB
        Both:  23.41 MB

MaxMetaspaceSize: unlimited
CompressedClassSpaceSize: 1.00 GB
Initial GC threshold: 21.00 MB
Current GC threshold: 21.00 MB
CDS: on
MetaspaceReclaimPolicy: balanced
 - commit_granule_bytes: 65536.
 - commit_granule_words: 8192.
 - virtual_space_node_default_size: 8388608.
 - enlarge_chunks_in_place: 1.
 - new_chunks_are_fully_committed: 0.
 - uncommit_free_chunks: 1.
 - use_allocation_guard: 0.
 - handle_deallocations: 1.


Internal statistics:

num_allocs_failed_limit: 0.
num_arena_births: 58.
num_arena_deaths: 0.
num_vsnodes_births: 2.
num_vsnodes_deaths: 0.
num_space_committed: 110.
num_space_uncommitted: 0.
num_chunks_returned_to_freelist: 0.
num_chunks_taken_from_freelist: 279.
num_chunk_merges: 0.
num_chunk_splits: 177.
num_chunks_enlarged: 137.
num_inconsistent_stats: 0.

CodeHeap 'non-profiled nmethods': size=119168Kb used=698Kb max_used=698Kb free=118469Kb
 bounds [0x000001e8d11e0000, 0x000001e8d1450000, 0x000001e8d8640000]
CodeHeap 'profiled nmethods': size=119104Kb used=2895Kb max_used=2895Kb free=116209Kb
 bounds [0x000001e8c9640000, 0x000001e8c9920000, 0x000001e8d0a90000]
CodeHeap 'non-nmethods': size=7488Kb used=1715Kb max_used=2868Kb free=5772Kb
 bounds [0x000001e8d0a90000, 0x000001e8d0d60000, 0x000001e8d11e0000]
 total_blobs=1970 nmethods=1526 adapters=356
 compilation: enabled
              stopped_count=0, restarted_count=0
 full_count=0

Compilation events (20 events):
Event: 12.903 Thread 0x000001e9261275d0 nmethod 1479 0x000001e8d1286790 code [0x000001e8d1286920, 0x000001e8d1286d38]
Event: 12.903 Thread 0x000001e9261275d0 1484       4       jdk.internal.loader.BuiltinClassLoader::moduleReaderFor (45 bytes)
Event: 12.904 Thread 0x000001e9264298f0 1485       3       sun.reflect.generics.parser.SignatureParser::mark (9 bytes)
Event: 12.904 Thread 0x000001e8e07d6b00 1486       3       sun.reflect.generics.parser.SignatureParser::markToCurrent (16 bytes)
Event: 12.904 Thread 0x000001e9264298f0 nmethod 1485 0x000001e8c98fee10 code [0x000001e8c98fefa0, 0x000001e8c98ff0b8]
Event: 12.904 Thread 0x000001e8e07d6b00 nmethod 1486 0x000001e8c98ff190 code [0x000001e8c98ff340, 0x000001e8c98ff488]
Event: 12.906 Thread 0x000001e8e0779fa0 1488       3       com.google.inject.Key::get (12 bytes)
Event: 12.907 Thread 0x000001e8e0779fa0 nmethod 1488 0x000001e8c98ff590 code [0x000001e8c98ff780, 0x000001e8c98ffce8]
Event: 12.908 Thread 0x000001e92640e7a0 1489       3       java.util.concurrent.TimeUnit::toMillis (69 bytes)
Event: 12.908 Thread 0x000001e92640e7a0 nmethod 1489 0x000001e8c98fff10 code [0x000001e8c99000c0, 0x000001e8c99003b8]
Event: 12.911 Thread 0x000001e92640e7a0 1490       3       java.util.zip.ZipFile$Source$Key::hashCode (46 bytes)
Event: 12.911 Thread 0x000001e8e0779fa0 1491       3       java.nio.file.attribute.FileTime::toMillis (98 bytes)
Event: 12.911 Thread 0x000001e9264298f0 1492       3       java.io.File::hashCode (8 bytes)
Event: 12.911 Thread 0x000001e8e07d6b00 1493       3       java.io.WinNTFileSystem::hashCode (18 bytes)
Event: 12.911 Thread 0x000001e9261275d0 nmethod 1484 0x000001e8d1286f10 code [0x000001e8d12870c0, 0x000001e8d12873f8]
Event: 12.912 Thread 0x000001e8e07d6b00 nmethod 1493 0x000001e8c9900490 code [0x000001e8c9900680, 0x000001e8c99009e8]
Event: 12.912 Thread 0x000001e9264298f0 nmethod 1492 0x000001e8c9901410 code [0x000001e8c9901600, 0x000001e8c99019e8]
Event: 12.912 Thread 0x000001e8e0779fa0 nmethod 1491 0x000001e8c9900b90 code [0x000001e8c9900d80, 0x000001e8c9901228]
Event: 12.912 Thread 0x000001e92640e7a0 nmethod 1490 0x000001e8c9901b90 code [0x000001e8c9901da0, 0x000001e8c99021f8]
Event: 12.912 Thread 0x000001e9261275d0 1487       4       jdk.internal.jimage.BasicImageReader::getLocationIndex (52 bytes)

GC Heap History (2 events):
Event: 4.293 GC heap before
{Heap before GC invocations=0 (full 0):
 garbage-first heap   total 126976K, used 23552K [0x0000000084e00000, 0x0000000100000000)
  region size 1024K, 23 young (23552K), 0 survivors (0K)
 Metaspace       used 5410K, committed 5632K, reserved 1114112K
  class space    used 639K, committed 768K, reserved 1048576K
}
Event: 4.301 GC heap after
{Heap after GC invocations=1 (full 0):
 garbage-first heap   total 126976K, used 3592K [0x0000000084e00000, 0x0000000100000000)
  region size 1024K, 3 young (3072K), 3 survivors (3072K)
 Metaspace       used 5410K, committed 5632K, reserved 1114112K
  class space    used 639K, committed 768K, reserved 1048576K
}

Dll operation events (8 events):
Event: 0.018 Loaded shared library C:\Program Files\Eclipse Adoptium\jdk-17.0.17.10-hotspot\bin\java.dll
Event: 0.056 Loaded shared library C:\Program Files\Eclipse Adoptium\jdk-17.0.17.10-hotspot\bin\jsvml.dll
Event: 0.134 Loaded shared library C:\Program Files\Eclipse Adoptium\jdk-17.0.17.10-hotspot\bin\net.dll
Event: 0.143 Loaded shared library C:\Program Files\Eclipse Adoptium\jdk-17.0.17.10-hotspot\bin\nio.dll
Event: 0.151 Loaded shared library C:\Program Files\Eclipse Adoptium\jdk-17.0.17.10-hotspot\bin\zip.dll
Event: 2.602 Loaded shared library C:\Program Files\Eclipse Adoptium\jdk-17.0.17.10-hotspot\bin\jimage.dll
Event: 2.603 Loaded shared library C:\Users\girit\.m2\wrapper\dists\apache-maven-3.9.12\59fe215c0ad6947fea90184bf7add084544567b927287592651fda3782e0e798\lib\jansi-native\Windows\x86_64\jansi.dll
Event: 2.628 Loaded shared library C:\Program Files\Eclipse Adoptium\jdk-17.0.17.10-hotspot\bin\verify.dll

Deoptimization events (20 events):
Event: 12.519 Thread 0x000001e8c1ac73d0 DEOPT PACKING pc=0x000001e8d1250d5c sp=0x00000023f8dfe0d0
Event: 12.519 Thread 0x000001e8c1ac73d0 DEOPT UNPACKING pc=0x000001e8d0ae69a3 sp=0x00000023f8dfe060 mode 2
Event: 12.520 Thread 0x000001e8c1ac73d0 Uncommon trap: trap_request=0xffffff45 fr.pc=0x000001e8d1253454 relative=0x00000000000017d4
Event: 12.520 Thread 0x000001e8c1ac73d0 Uncommon trap: reason=unstable_if action=reinterpret pc=0x000001e8d1253454 method=java.nio.charset.CharsetDecoder.decode(Ljava/nio/ByteBuffer;Ljava/nio/CharBuffer;Z)Ljava/nio/charset/CoderResult; @ 15 c2
Event: 12.520 Thread 0x000001e8c1ac73d0 DEOPT PACKING pc=0x000001e8d1253454 sp=0x00000023f8dfddc0
Event: 12.520 Thread 0x000001e8c1ac73d0 DEOPT UNPACKING pc=0x000001e8d0ae69a3 sp=0x00000023f8dfd978 mode 2
Event: 12.521 Thread 0x000001e8c1ac73d0 Uncommon trap: trap_request=0xffffff45 fr.pc=0x000001e8d1243ba8 relative=0x0000000000000dc8
Event: 12.521 Thread 0x000001e8c1ac73d0 Uncommon trap: reason=unstable_if action=reinterpret pc=0x000001e8d1243ba8 method=sun.nio.cs.StreamDecoder.read0()I @ 39 c2
Event: 12.521 Thread 0x000001e8c1ac73d0 DEOPT PACKING pc=0x000001e8d1243ba8 sp=0x00000023f8dfdce0
Event: 12.521 Thread 0x000001e8c1ac73d0 DEOPT UNPACKING pc=0x000001e8d0ae69a3 sp=0x00000023f8dfdbf8 mode 2
Event: 12.521 Thread 0x000001e8c1ac73d0 Uncommon trap: trap_request=0xffffff45 fr.pc=0x000001e8d12416b0 relative=0x00000000000005b0
Event: 12.521 Thread 0x000001e8c1ac73d0 Uncommon trap: reason=unstable_if action=reinterpret pc=0x000001e8d12416b0 method=sun.nio.cs.StreamDecoder.implRead([CII)I @ 197 c2
Event: 12.521 Thread 0x000001e8c1ac73d0 DEOPT PACKING pc=0x000001e8d12416b0 sp=0x00000023f8dfdac0
Event: 12.521 Thread 0x000001e8c1ac73d0 DEOPT UNPACKING pc=0x000001e8d0ae69a3 sp=0x00000023f8dfda80 mode 2
Event: 12.842 Thread 0x000001e8c1ac73d0 Uncommon trap: trap_request=0xffffff45 fr.pc=0x000001e8d127e1e0 relative=0x00000000000006a0
Event: 12.842 Thread 0x000001e8c1ac73d0 Uncommon trap: reason=unstable_if action=reinterpret pc=0x000001e8d127e1e0 method=java.lang.String.<init>([CIILjava/lang/Void;)V @ 5 c2
Event: 12.842 Thread 0x000001e8c1ac73d0 DEOPT PACKING pc=0x000001e8d127e1e0 sp=0x00000023f8dfdc60
Event: 12.842 Thread 0x000001e8c1ac73d0 DEOPT UNPACKING pc=0x000001e8d0ae69a3 sp=0x00000023f8dfdb00 mode 2
Event: 12.876 Thread 0x000001e8c1ac73d0 DEOPT PACKING pc=0x000001e8c98aa808 sp=0x00000023f8dfde50
Event: 12.876 Thread 0x000001e8c1ac73d0 DEOPT UNPACKING pc=0x000001e8d0ae7143 sp=0x00000023f8dfd2c0 mode 0

Classes loaded (20 events):
Event: 12.721 Loading class jdk/internal/reflect/ByteVectorImpl
Event: 12.721 Loading class jdk/internal/reflect/ByteVector
Event: 12.721 Loading class jdk/internal/reflect/ByteVector done
Event: 12.721 Loading class jdk/internal/reflect/ByteVectorImpl done
Event: 12.721 Loading class jdk/internal/reflect/ClassFileAssembler
Event: 12.721 Loading class jdk/internal/reflect/ClassFileAssembler done
Event: 12.722 Loading class jdk/internal/reflect/UTF8
Event: 12.722 Loading class jdk/internal/reflect/UTF8 done
Event: 12.722 Loading class jdk/internal/reflect/Label
Event: 12.722 Loading class jdk/internal/reflect/Label done
Event: 12.722 Loading class jdk/internal/reflect/Label$PatchInfo
Event: 12.723 Loading class jdk/internal/reflect/Label$PatchInfo done
Event: 12.723 Loading class jdk/internal/reflect/MethodAccessorGenerator$1
Event: 12.723 Loading class jdk/internal/reflect/MethodAccessorGenerator$1 done
Event: 12.723 Loading class jdk/internal/reflect/ClassDefiner
Event: 12.723 Loading class jdk/internal/reflect/ClassDefiner done
Event: 12.723 Loading class jdk/internal/reflect/ClassDefiner$1
Event: 12.723 Loading class jdk/internal/reflect/ClassDefiner$1 done
Event: 12.723 Loading class jdk/internal/reflect/BootstrapConstructorAccessorImpl
Event: 12.723 Loading class jdk/internal/reflect/BootstrapConstructorAccessorImpl done

Classes unloaded (0 events):
No events

Classes redefined (0 events):
No events

Internal exceptions (20 events):
Event: 2.611 Thread 0x000001e8c1ac73d0 Exception <a 'java/lang/NullPointerException'{0x000000008c43f690}> (0x000000008c43f690) 
thrown [s\src\hotspot\share\interpreter\linkResolver.cpp, line 1350]
Event: 2.611 Thread 0x000001e8c1ac73d0 Exception <a 'java/lang/NullPointerException'{0x000000008c43f968}> (0x000000008c43f968) 
thrown [s\src\hotspot\share\interpreter\linkResolver.cpp, line 1350]
Event: 2.612 Thread 0x000001e8c1ac73d0 Exception <a 'java/lang/NullPointerException'{0x000000008c447478}> (0x000000008c447478) 
thrown [s\src\hotspot\share\interpreter\linkResolver.cpp, line 1350]
Event: 2.615 Thread 0x000001e8c1ac73d0 Exception <a 'java/lang/NullPointerException'{0x000000008c45e660}> (0x000000008c45e660) 
thrown [s\src\hotspot\share\interpreter\linkResolver.cpp, line 1350]
Event: 2.615 Thread 0x000001e8c1ac73d0 Exception <a 'java/lang/NullPointerException'{0x000000008c45e938}> (0x000000008c45e938) 
thrown [s\src\hotspot\share\interpreter\linkResolver.cpp, line 1350]
Event: 2.615 Thread 0x000001e8c1ac73d0 Exception <a 'java/lang/NullPointerException'{0x000000008c45ec10}> (0x000000008c45ec10) 
thrown [s\src\hotspot\share\interpreter\linkResolver.cpp, line 1350]
Event: 2.615 Thread 0x000001e8c1ac73d0 Exception <a 'java/lang/NullPointerException'{0x000000008c45eee8}> (0x000000008c45eee8) 
thrown [s\src\hotspot\share\interpreter\linkResolver.cpp, line 1350]
Event: 2.643 Thread 0x000001e8c1ac73d0 Exception <a 'java/lang/NoSuchMethodError'{0x000000008c34f058}: 'void java.lang.invoke.DirectMethodHandle$Holder.invokeVirtual(java.lang.Object, java.lang.Object)'> (0x000000008c34f058) 
thrown [s\src\hotspot\share\interpreter\linkResolver.cpp, line 759]
Event: 2.647 Thread 0x000001e8c1ac73d0 Exception <a 'java/lang/NoSuchMethodError'{0x000000008c36cdc0}: 'void java.lang.invoke.DirectMethodHandle$Holder.invokeStatic(java.lang.Object, java.lang.Object)'> (0x000000008c36cdc0) 
thrown [s\src\hotspot\share\interpreter\linkResolver.cpp, line 759]
Event: 2.648 Thread 0x000001e8c1ac73d0 Exception <a 'java/lang/NoSuchMethodError'{0x000000008c3703c0}: 'void java.lang.invoke.DirectMethodHandle$Holder.invokeStaticInit(java.lang.Object, java.lang.Object)'> (0x000000008c3703c0) 
thrown [s\src\hotspot\share\interpreter\linkResolver.cpp, line 759]
Event: 2.666 Thread 0x000001e8c1ac73d0 Exception <a 'java/lang/NoSuchMethodError'{0x000000008c3933b0}: 'void java.lang.invoke.DirectMethodHandle$Holder.invokeSpecial(java.lang.Object, java.lang.Object, java.lang.Object, java.lang.Object, java.lang.Object)'> (0x000000008c3933b0) 
thrown [s\src\hotspot\share\interpreter\linkResolver.cpp, line 759]
Event: 2.682 Thread 0x000001e8c1ac73d0 Exception <a 'java/lang/NoSuchMethodError'{0x000000008c3db060}: 'void java.lang.invoke.DirectMethodHandle$Holder.invokeStatic(java.lang.Object, java.lang.Object, java.lang.Object)'> (0x000000008c3db060) 
thrown [s\src\hotspot\share\interpreter\linkResolver.cpp, line 759]
Event: 3.797 Thread 0x000001e8c1ac73d0 Exception <a 'java/lang/NoSuchMethodError'{0x000000008c18d260}: 'java.lang.Object java.lang.invoke.DirectMethodHandle$Holder.invokeSpecialIFC(java.lang.Object, java.lang.Object, java.lang.Object, java.lang.Object)'> (0x000000008c18d260) 
thrown [s\src\hotspot\share\interpreter\linkResolver.cpp, line 759]
Event: 4.051 Thread 0x000001e8c1ac73d0 Exception <a 'java/lang/NoSuchMethodError'{0x000000008bab7390}: 'void java.lang.invoke.DirectMethodHandle$Holder.invokeSpecial(java.lang.Object, java.lang.Object, java.lang.Object)'> (0x000000008bab7390) 
thrown [s\src\hotspot\share\interpreter\linkResolver.cpp, line 759]
Event: 4.102 Thread 0x000001e8c1ac73d0 Exception <a 'java/lang/NoSuchMethodError'{0x000000008b82c890}: 'java.lang.Object java.lang.invoke.DirectMethodHandle$Holder.invokeInterface(java.lang.Object, java.lang.Object)'> (0x000000008b82c890) 
thrown [s\src\hotspot\share\interpreter\linkResolver.cpp, line 759]
Event: 4.128 Thread 0x000001e8c1ac73d0 Exception <a 'java/lang/NoSuchMethodError'{0x000000008b8e3918}: 'java.lang.Object java.lang.invoke.Invokers$Holder.invokeExact_MT(java.lang.Object, java.lang.Object, java.lang.Object, java.lang.Object, java.lang.Object, java.lang.Object)'> (0x000000008b8e3918) 
thrown [s\src\hotspot\share\interpreter\linkResolver.cpp, line 759]
Event: 4.132 Thread 0x000001e8c1ac73d0 Exception <a 'java/lang/NoSuchMethodError'{0x000000008b8f4ff0}: 'int java.lang.invoke.DirectMethodHandle$Holder.invokeSpecialIFC(java.lang.Object, java.lang.Object, java.lang.Object, java.lang.Object, java.lang.Object)'> (0x000000008b8f4ff0) 
thrown [s\src\hotspot\share\interpreter\linkResolver.cpp, line 759]
Event: 4.208 Thread 0x000001e8c1ac73d0 Exception <a 'java/lang/NoSuchMethodError'{0x000000008b534558}: 'java.lang.Object java.lang.invoke.DirectMethodHandle$Holder.newInvokeSpecial(java.lang.Object, java.lang.Object, java.lang.Object, java.lang.Object, java.lang.Object)'> (0x000000008b534558) 
thrown [s\src\hotspot\share\interpreter\linkResolver.cpp, line 759]
Event: 4.250 Thread 0x000001e8c1ac73d0 Exception <a 'java/lang/NoSuchMethodError'{0x000000008b466448}: 'int java.lang.invoke.DirectMethodHandle$Holder.invokeStaticInit(java.lang.Object, java.lang.Object)'> (0x000000008b466448) 
thrown [s\src\hotspot\share\interpreter\linkResolver.cpp, line 759]
Event: 4.261 Thread 0x000001e8c1ac73d0 Exception <a 'java/lang/NoClassDefFoundError'{0x000000008b4a1950}: javax/enterprise/inject/Typed> (0x000000008b4a1950) 
thrown [s\src\hotspot\share\classfile\systemDictionary.cpp, line 245]

VM Operations (20 events):
Event: 2.557 Executing VM operation: Cleanup done
Event: 2.591 Executing VM operation: HandshakeAllThreads
Event: 2.591 Executing VM operation: HandshakeAllThreads done
Event: 2.608 Executing VM operation: HandshakeAllThreads
Event: 2.608 Executing VM operation: HandshakeAllThreads done
Event: 3.621 Executing VM operation: Cleanup
Event: 3.732 Executing VM operation: Cleanup done
Event: 3.825 Executing VM operation: HandshakeAllThreads
Event: 3.825 Executing VM operation: HandshakeAllThreads done
Event: 4.291 Executing VM operation: G1CollectForAllocation
Event: 4.302 Executing VM operation: G1CollectForAllocation done
Event: 5.302 Executing VM operation: Cleanup
Event: 5.302 Executing VM operation: Cleanup done
Event: 6.311 Executing VM operation: Cleanup
Event: 6.342 Executing VM operation: Cleanup done
Event: 10.370 Executing VM operation: Cleanup
Event: 10.370 Executing VM operation: Cleanup done
Event: 12.385 Executing VM operation: Cleanup
Event: 12.416 Executing VM operation: Cleanup done
Event: 13.416 Executing VM operation: Cleanup

Memory protections (0 events):
No events

Nmethod flushes (0 events):
No events

Events (20 events):
Event: 0.078 Thread 0x000001e8c1ac73d0 Thread added: 0x000001e8e07b5b80
Event: 0.079 Thread 0x000001e8c1ac73d0 Thread added: 0x000001e8e07b9670
Event: 0.079 Thread 0x000001e8c1ac73d0 Thread added: 0x000001e8e07d6b00
Event: 0.080 Thread 0x000001e8c1ac73d0 Thread added: 0x000001e8e0920450
Event: 0.108 Thread 0x000001e8e07d6b00 Thread added: 0x000001e8e0779fa0
Event: 0.121 Thread 0x000001e8c1ac73d0 Thread added: 0x000001e8e0a554c0
Event: 0.127 Thread 0x000001e8c1ac73d0 Thread added: 0x000001e8e0a59e10
Event: 2.598 Thread 0x000001e8c1ac73d0 Thread added: 0x000001e8e0ce7260
Event: 2.692 Thread 0x000001e8e07b9670 Thread added: 0x000001e9261275d0
Event: 3.733 Thread 0x000001e8e0ce7260 Thread exited: 0x000001e8e0ce7260
Event: 3.856 Thread 0x000001e8e07d6b00 Thread added: 0x000001e926429930
Event: 3.861 Thread 0x000001e926429930 Thread added: 0x000001e92640e7a0
Event: 4.275 Thread 0x000001e9261275d0 Thread added: 0x000001e92682ac40
Event: 4.307 Thread 0x000001e8e07b9670 Thread added: 0x000001e8e0b872f0
Event: 9.371 Thread 0x000001e92640e7a0 Thread exited: 0x000001e92640e7a0
Event: 11.384 Thread 0x000001e926429930 Thread exited: 0x000001e926429930
Event: 12.417 Thread 0x000001e8e0779fa0 Thread exited: 0x000001e8e0779fa0
Event: 12.565 Thread 0x000001e8e07d6b00 Thread added: 0x000001e8e0779fa0
Event: 12.566 Thread 0x000001e8e07d6b00 Thread added: 0x000001e92640e7a0
Event: 12.571 Thread 0x000001e92640e7a0 Thread added: 0x000001e9264298f0


Dynamic libraries:
0x00007ff785760000 - 0x00007ff78576e000 	C:\Program Files\Eclipse Adoptium\jdk-17.0.17.10-hotspot\bin\java.exe
0x00007ffd4d2e0000 - 0x00007ffd4d547000 	C:\WINDOWS\SYSTEM32\ntdll.dll
0x00007ffd4c0f0000 - 0x00007ffd4c1b9000 	C:\WINDOWS\System32\KERNEL32.DLL
0x00007ffd49bc0000 - 0x00007ffd49fb1000 	C:\WINDOWS\System32\KERNELBASE.dll
0x00007ffd49fc0000 - 0x00007ffd4a10b000 	C:\WINDOWS\System32\ucrtbase.dll
0x00007ffd194a0000 - 0x00007ffd194b8000 	C:\Program Files\Eclipse Adoptium\jdk-17.0.17.10-hotspot\bin\jli.dll
0x00007ffd18a70000 - 0x00007ffd18a8e000 	C:\Program Files\Eclipse Adoptium\jdk-17.0.17.10-hotspot\bin\VCRUNTIME140.dll
0x00007ffd4ba20000 - 0x00007ffd4bbe5000 	C:\WINDOWS\System32\USER32.dll
0x00007ffd4aa30000 - 0x00007ffd4aa57000 	C:\WINDOWS\System32\win32u.dll
0x00007ffd31640000 - 0x00007ffd318d3000 	C:\WINDOWS\WinSxS\amd64_microsoft.windows.common-controls_6595b64144ccf1df_6.0.26100.8037_none_3e092faae333b53b\COMCTL32.dll
0x00007ffd4c4a0000 - 0x00007ffd4c549000 	C:\WINDOWS\System32\msvcrt.dll
0x00007ffd4b5e0000 - 0x00007ffd4b60b000 	C:\WINDOWS\System32\GDI32.dll
0x00007ffd4aa60000 - 0x00007ffd4ab8b000 	C:\WINDOWS\System32\gdi32full.dll
0x00007ffd4ab90000 - 0x00007ffd4ac33000 	C:\WINDOWS\System32\msvcp_win.dll
0x00007ffd4d050000 - 0x00007ffd4d081000 	C:\WINDOWS\System32\IMM32.DLL
0x00007ffd44600000 - 0x00007ffd4460c000 	C:\Program Files\Eclipse Adoptium\jdk-17.0.17.10-hotspot\bin\vcruntime140_1.dll
0x00007ffcd7150000 - 0x00007ffcd71dd000 	C:\Program Files\Eclipse Adoptium\jdk-17.0.17.10-hotspot\bin\msvcp140.dll
0x00007ffc78c80000 - 0x00007ffc798eb000 	C:\Program Files\Eclipse Adoptium\jdk-17.0.17.10-hotspot\bin\server\jvm.dll
0x00007ffd4b080000 - 0x00007ffd4b13b000 	C:\WINDOWS\System32\ADVAPI32.dll
0x00007ffd4c1c0000 - 0x00007ffd4c267000 	C:\WINDOWS\System32\sechost.dll
0x00007ffd4bed0000 - 0x00007ffd4bfe8000 	C:\WINDOWS\System32\RPCRT4.dll
0x00007ffd4be50000 - 0x00007ffd4bec4000 	C:\WINDOWS\System32\WS2_32.dll
0x00007ffd49a20000 - 0x00007ffd49a7e000 	C:\WINDOWS\SYSTEM32\POWRPROF.dll
0x00007ffd35ef0000 - 0x00007ffd35efb000 	C:\WINDOWS\SYSTEM32\VERSION.dll
0x00007ffd3ea50000 - 0x00007ffd3ea85000 	C:\WINDOWS\SYSTEM32\WINMM.dll
0x00007ffd49a00000 - 0x00007ffd49a14000 	C:\WINDOWS\SYSTEM32\UMPDC.dll
0x00007ffd48950000 - 0x00007ffd4896b000 	C:\WINDOWS\SYSTEM32\kernel.appcore.dll
0x00007ffd3a170000 - 0x00007ffd3a17a000 	C:\Program Files\Eclipse Adoptium\jdk-17.0.17.10-hotspot\bin\jimage.dll
0x00007ffd47c80000 - 0x00007ffd47ec2000 	C:\WINDOWS\SYSTEM32\DBGHELP.DLL
0x00007ffd4ccc0000 - 0x00007ffd4d042000 	C:\WINDOWS\System32\combase.dll
0x00007ffd4b610000 - 0x00007ffd4b6e7000 	C:\WINDOWS\System32\OLEAUT32.dll
0x00007ffd2dcd0000 - 0x00007ffd2dd0b000 	C:\WINDOWS\SYSTEM32\dbgcore.DLL
0x00007ffd4a110000 - 0x00007ffd4a1b5000 	C:\WINDOWS\System32\bcryptPrimitives.dll
0x00007ffd16190000 - 0x00007ffd161b5000 	C:\Program Files\Eclipse Adoptium\jdk-17.0.17.10-hotspot\bin\java.dll
0x00007ffcc2600000 - 0x00007ffcc26d7000 	C:\Program Files\Eclipse Adoptium\jdk-17.0.17.10-hotspot\bin\jsvml.dll
0x00007ffd4c550000 - 0x00007ffd4ccaf000 	C:\WINDOWS\System32\SHELL32.dll
0x00007ffd4ae80000 - 0x00007ffd4afea000 	C:\WINDOWS\System32\wintypes.dll
0x00007ffd4a1c0000 - 0x00007ffd4aa24000 	C:\WINDOWS\System32\windows.storage.dll
0x00007ffd4bbf0000 - 0x00007ffd4bce7000 	C:\WINDOWS\System32\SHCORE.dll
0x00007ffd4bff0000 - 0x00007ffd4c057000 	C:\WINDOWS\System32\shlwapi.dll
0x00007ffd49ae0000 - 0x00007ffd49b09000 	C:\WINDOWS\SYSTEM32\profapi.dll
0x00007ffd16700000 - 0x00007ffd1671a000 	C:\Program Files\Eclipse Adoptium\jdk-17.0.17.10-hotspot\bin\net.dll
0x00007ffd40b40000 - 0x00007ffd40c67000 	C:\WINDOWS\SYSTEM32\WINHTTP.dll
0x00007ffd48ec0000 - 0x00007ffd48f2b000 	C:\WINDOWS\system32\mswsock.dll
0x00007ffd15cf0000 - 0x00007ffd15d06000 	C:\Program Files\Eclipse Adoptium\jdk-17.0.17.10-hotspot\bin\nio.dll
0x00007ffd152f0000 - 0x00007ffd15308000 	C:\Program Files\Eclipse Adoptium\jdk-17.0.17.10-hotspot\bin\zip.dll
0x00007ffd144f0000 - 0x00007ffd14514000 	C:\Users\girit\.m2\wrapper\dists\apache-maven-3.9.12\59fe215c0ad6947fea90184bf7add084544567b927287592651fda3782e0e798\lib\jansi-native\Windows\x86_64\jansi.dll
0x00007ffd28680000 - 0x00007ffd28690000 	C:\Program Files\Eclipse Adoptium\jdk-17.0.17.10-hotspot\bin\verify.dll

dbghelp: loaded successfully - version: 4.0.5 - missing functions: none
symbol engine: initialized successfully - sym options: 0x614 - pdb path: .;C:\Program Files\Eclipse Adoptium\jdk-17.0.17.10-hotspot\bin;C:\WINDOWS\SYSTEM32;C:\WINDOWS\WinSxS\amd64_microsoft.windows.common-controls_6595b64144ccf1df_6.0.26100.8037_none_3e092faae333b53b;C:\Program Files\Eclipse Adoptium\jdk-17.0.17.10-hotspot\bin\server;C:\Users\girit\.m2\wrapper\dists\apache-maven-3.9.12\59fe215c0ad6947fea90184bf7add084544567b927287592651fda3782e0e798\lib\jansi-native\Windows\x86_64

VM Arguments:
jvm_args: --enable-native-access=ALL-UNNAMED -Dclassworlds.conf=C:\Users\girit\.m2\wrapper\dists\apache-maven-3.9.12\59fe215c0ad6947fea90184bf7add084544567b927287592651fda3782e0e798\bin\m2.conf -Dmaven.home=C:\Users\girit\.m2\wrapper\dists\apache-maven-3.9.12\59fe215c0ad6947fea90184bf7add084544567b927287592651fda3782e0e798 -Dlibrary.jansi.path=C:\Users\girit\.m2\wrapper\dists\apache-maven-3.9.12\59fe215c0ad6947fea90184bf7add084544567b927287592651fda3782e0e798\lib\jansi-native -Dmaven.multiModuleProjectDirectory=C:\Users\girit\OneDrive\Desktop\Profenaa_touch 
java_command: org.codehaus.plexus.classworlds.launcher.Launcher clean package -DskipTests
java_class_path (initial): C:\Users\girit\.m2\wrapper\dists\apache-maven-3.9.12\59fe215c0ad6947fea90184bf7add084544567b927287592651fda3782e0e798\boot\plexus-classworlds-2.9.0.jar
Launcher Type: SUN_STANDARD

[Global flags]
     intx CICompilerCount                          = 12                                        {product} {ergonomic}
     uint ConcGCThreads                            = 3                                         {product} {ergonomic}
     uint G1ConcRefinementThreads                  = 13                                        {product} {ergonomic}
   size_t G1HeapRegionSize                         = 1048576                                   {product} {ergonomic}
    uintx GCDrainStackTargetSize                   = 64                                        {product} {ergonomic}
   size_t InitialHeapSize                          = 130023424                                 {product} {ergonomic}
   size_t MarkStackSize                            = 4194304                                   {product} {ergonomic}
   size_t MaxHeapSize                              = 2065694720                                {product} {ergonomic}
   size_t MaxNewSize                               = 1239416832                                {product} {ergonomic}
   size_t MinHeapDeltaBytes                        = 1048576                                   {product} {ergonomic}
   size_t MinHeapSize                              = 8388608                                   {product} {ergonomic}
    uintx NonNMethodCodeHeapSize                   = 7602480                                {pd product} {ergonomic}
    uintx NonProfiledCodeHeapSize                  = 122027880                              {pd product} {ergonomic}
    uintx ProfiledCodeHeapSize                     = 122027880                              {pd product} {ergonomic}
    uintx ReservedCodeCacheSize                    = 251658240                              {pd product} {ergonomic}
     bool SegmentedCodeCache                       = true                                      {product} {ergonomic}
   size_t SoftMaxHeapSize                          = 2065694720                             {manageable} {ergonomic}
     bool UseCompressedClassPointers               = true                           {product lp64_product} {ergonomic}
     bool UseCompressedOops                        = true                           {product lp64_product} {ergonomic}
     bool UseG1GC                                  = true                                      {product} {ergonomic}
     bool UseLargePagesIndividualAllocation        = false                                  {pd product} {ergonomic}

Logging:
Log output configuration:
 #0: stdout all=warning uptime,level,tags
 #1: stderr all=off uptime,level,tags

Environment Variables:
JAVA_HOME=C:\Program Files\Eclipse Adoptium\jdk-17.0.17.10-hotspot
PATH=C:\Program Files\Eclipse Adoptium\jdk-17.0.17.10-hotspot\bin;C:\WINDOWS\system32;C:\WINDOWS;C:\WINDOWS\System32\Wbem;C:\WINDOWS\System32\WindowsPowerShell\v1.0\;C:\WINDOWS\System32\OpenSSH\;C:\Program Files\MySQL\MySQL Server 8.0\bin;C:\Program Files\nodejs\;C:\Program Files\Git\cmd;C:\Program Files\PuTTY\;C:\Program Files\MySQL\MySQL Shell 8.0\bin\;C:\Users\girit\AppData\Local\Programs\Python\Launcher\;C:\Users\girit\AppData\Local\Microsoft\WindowsApps;C:\Users\girit\AppData\Local\Programs\Microsoft VS Code\bin;C:\Users\girit\AppData\Roaming\npm;C:\Users\girit\AppData\Local\GitHubDesktop\bin
USERNAME=girit
OS=Windows_NT
PROCESSOR_IDENTIFIER=Intel64 Family 6 Model 154 Stepping 3, GenuineIntel
TMP=C:\Users\girit\AppData\Local\Temp
TEMP=C:\Users\girit\AppData\Local\Temp



Periodic native trim disabled


---------------  S Y S T E M  ---------------

OS:
 Windows 11 , 64 bit Build 26100 (10.0.26100.7920)
OS uptime: 0 days 1:56 hours

CPU: total 16 (initial active 16) (8 cores per cpu, 2 threads per core) family 6 model 154 stepping 3 microcode 0x434, cx8, cmov, fxsr, ht, mmx, 3dnowpref, sse, sse2, sse3, ssse3, sse4.1, sse4.2, popcnt, lzcnt, tsc, tscinvbit, avx, avx2, aes, erms, clmul, bmi1, bmi2, adx, sha, fma, vzeroupper, clflush, clflushopt, clwb
Processor Information for processor 0
  Max Mhz: 1700, Current Mhz: 1700, Mhz Limit: 1700
Processor Information for processor 1
  Max Mhz: 1700, Current Mhz: 1700, Mhz Limit: 1700
Processor Information for processor 2
  Max Mhz: 1700, Current Mhz: 1457, Mhz Limit: 1700
Processor Information for processor 3
  Max Mhz: 1700, Current Mhz: 1700, Mhz Limit: 1700
Processor Information for processor 4
  Max Mhz: 1700, Current Mhz: 1700, Mhz Limit: 1700
Processor Information for processor 5
  Max Mhz: 1700, Current Mhz: 1700, Mhz Limit: 1700
Processor Information for processor 6
  Max Mhz: 1700, Current Mhz: 1700, Mhz Limit: 1700
Processor Information for processor 7
  Max Mhz: 1700, Current Mhz: 1700, Mhz Limit: 1700
Processor Information for processor 8
  Max Mhz: 1700, Current Mhz: 1200, Mhz Limit: 1190
Processor Information for processor 9
  Max Mhz: 1700, Current Mhz: 1200, Mhz Limit: 1190
Processor Information for processor 10
  Max Mhz: 1700, Current Mhz: 1200, Mhz Limit: 1190
Processor Information for processor 11
  Max Mhz: 1700, Current Mhz: 1200, Mhz Limit: 1190
Processor Information for processor 12
  Max Mhz: 1700, Current Mhz: 1200, Mhz Limit: 1190
Processor Information for processor 13
  Max Mhz: 1700, Current Mhz: 1200, Mhz Limit: 1190
Processor Information for processor 14
  Max Mhz: 1700, Current Mhz: 1200, Mhz Limit: 1190
Processor Information for processor 15
  Max Mhz: 1700, Current Mhz: 1200, Mhz Limit: 1190

Memory: 4k page, system-wide physical 7877M (739M free)
TotalPageFile size 32453M (AvailPageFile size 3M)
current process WorkingSet (physical memory assigned to process): 89M, peak: 92M
current process commit charge ("private bytes"): 240M, peak: 243M

vm_info: OpenJDK 64-Bit Server VM (17.0.17+10) for windows-amd64 JRE (17.0.17+10), built on Oct 21 2025 23:25:32 by "admin" with unknown MS VC++:1942

END.
